<?xml version="1.0" encoding="UTF-8"?>
<!-- Generated by org.testng.reporters.JUnitReportReporter -->
<testsuite skipped="0" hostname="rahuls-MacBook-Pro.local" name="trialGroupID.AppTest" tests="1" failures="0" timestamp="11 Feb 2019 10:26:00 GMT" time="0.008" errors="0">
  <testcase name="testApp" time="0.008" classname="trialGroupID.AppTest"/>
</testsuite> <!-- trialGroupID.AppTest -->
