<?xml version="1.0" encoding="UTF-8"?>
<!-- Generated by org.testng.reporters.JUnitReportReporter -->
<testsuite skipped="0" hostname="rahuls-MacBook-Pro.local" name="trialGroupID.facemap" tests="1" failures="0" timestamp="11 Feb 2019 11:11:51 GMT" time="43.476" errors="0">
  <testcase name="chrome" time="43.476" classname="trialGroupID.facemap"/>
</testsuite> <!-- trialGroupID.facemap -->
